<?xml version="1.0" encoding="UTF-8" ?>
<testsuite errors="0" failures="0" hostname="YanyandeAir" name="ui.LoginTest" skipped="0" tests="5" time="7.242" timestamp="2022-12-12T03:45:55">
  <properties>
[...]
</properties>
  <testcase classname="ui.LoginTest" name="testValidateFields" time="0.701" />
  <testcase classname="ui.LoginTest" name="testClear" time="0.025" />
  <testcase classname="ui.LoginTest" name="testlogin" time="0.151" />
  <testcase classname="ui.LoginTest" name="testMain" time="0.019" />
  <testcase classname="ui.LoginTest" name="testSignup" time="6.275" />
  <system-out><![CDATA[validateFields
validate function test passed
clear
clear function test passed
main
Admin login test passed
Admin login test passed
main
main
All test passed
]]></system-out>
  <system-err><![CDATA[]]></system-err>
</testsuite>
